This is pdfTeX, Version 3.141592653-2.6-1.40.29 (MiKTeX 26.1) (preloaded format=pdflatex 2026.2.1)  6 APR 2026 23:35
entering extended mode
 restricted \write18 enabled.
 %&-line parsing enabled.
**./memorianueva.tex
(memorianueva.tex
LaTeX2e <2025-11-01>
L3 programming layer <2026-01-19>
(MastersDoctoralThesis.cls
Document Class: MastersDoctoralThesis 2016/03/25 v1.4 LaTeXTemplates.com
(C:\Program Files\MiKTeX\tex/latex/etoolbox\etoolbox.sty
Package: etoolbox 2025/10/02 v2.5m e-TeX tools for LaTeX (JAW)
\etb@tempcnta=\count275
)
(C:\Program Files\MiKTeX\tex/latex/l3packages/xparse\xparse.sty
(C:\Program Files\MiKTeX\tex/latex/l3kernel\expl3.sty
Package: expl3 2026-01-19 L3 programming layer (loader) 

(C:\Program Files\MiKTeX\tex/latex/l3backend\l3backend-pdftex.def
File: l3backend-pdftex.def 2025-10-09 L3 backend support: PDF output (pdfTeX)
\l__color_backend_stack_int=\count276
))
Package: xparse 2025-10-09 L3 Experimental document command parser
)
(C:\Program Files\MiKTeX\tex/latex/base\book.cls
Document Class: book 2025/01/22 v1.4n Standard LaTeX document class
(C:\Program Files\MiKTeX\tex/latex/base\bk11.clo
File: bk11.clo 2025/01/22 v1.4n Standard LaTeX file (size option)
)
\c@part=\count277
\c@chapter=\count278
\c@section=\count279
\c@subsection=\count280
\c@subsubsection=\count281
\c@paragraph=\count282
\c@subparagraph=\count283
\c@figure=\count284
\c@table=\count285
\abovecaptionskip=\skip49
\belowcaptionskip=\skip50
\bibindent=\dimen148
)
(C:\Program Files\MiKTeX\tex/latex/parskip\parskip.sty
Package: parskip 2021-03-14 v2.0h non-zero parskip adjustments

(C:\Program Files\MiKTeX\tex/latex/kvoptions\kvoptions.sty
Package: kvoptions 2022-06-15 v3.15 Key value format for package options (HO)

(C:\Program Files\MiKTeX\tex/latex/graphics\keyval.sty
Package: keyval 2022/05/29 v1.15 key=value parser (DPC)
\KV@toks@=\toks17
)
(C:\Program Files\MiKTeX\tex/generic/ltxcmds\ltxcmds.sty
Package: ltxcmds 2023-12-04 v1.26 LaTeX kernel commands for general use (HO)
)
(C:\Program Files\MiKTeX\tex/latex/kvsetkeys\kvsetkeys.sty
Package: kvsetkeys 2022-10-05 v1.19 Key value parser (HO)
)))
(C:\Program Files\MiKTeX\tex/generic/babel\babel.sty
Package: babel 2026/01/26 v26.2 The multilingual framework for LuaLaTeX, pdfLaT
eX and XeLaTeX
\babel@savecnt=\count286
LaTeX Encoding Info:    Redeclaring text command \ij (encoding OT1) on input li
ne 2078.
LaTeX Encoding Info:    Redeclaring text command \IJ (encoding OT1) on input li
ne 2080.
LaTeX Encoding Info:    Redeclaring text command \ij (encoding T1) on input lin
e 2082.
LaTeX Encoding Info:    Redeclaring text command \IJ (encoding T1) on input lin
e 2083.
LaTeX Encoding Info:    Ignoring declaration for text command \ij (encoding ?) 
on input line 2084.
LaTeX Encoding Info:    Ignoring declaration for text command \IJ (encoding ?) 
on input line 2086.
LaTeX Encoding Info:    Ignoring declaration for text command \SS (encoding ?) 
on input line 2111.
\U@D=\dimen149
\l@unhyphenated=\language84

(C:\Program Files\MiKTeX\tex/generic/babel\txtbabel.def)
\bbl@readstream=\read2
\bbl@dirlevel=\count287
Package babel Info: Configuration files are deprecated, as
(babel)             they can break document portability.
(babel)             Reported on input line 4206.

*************************************
* Local config file bblopts.cfg used
*
(C:\Program Files\MiKTeX\tex/latex/arabi\bblopts.cfg
File: bblopts.cfg 2005/09/08 v0.1 add Arabic and Farsi to "declared" options of
 babel
)
(C:\Program Files\MiKTeX\tex/generic/babel/locale/es\babel-spanish.tex)
Package babel Info: Importing font and identification data for spanish
(babel)             from babel-es.ini. Reported on input line 4330.

(C:\Program Files\MiKTeX\tex/latex/babel-spanish\spanish.ldf
Language: spanish.ldf 2021/05/27 v5.0q Spanish support from the babel system
\es@quottoks=\toks18
\es@quotdepth=\count288
Package babel Info: Making " an active character on input line 570.
Package babel Info: Making . an active character on input line 675.
Package babel Info: Making < an active character on input line 722.
Package babel Info: Making > an active character on input line 722.
))
LaTeX Encoding Info:    Redeclaring text command \guillemotleft (encoding OT1) 
on input line 183.
LaTeX Encoding Info:    Redeclaring text command \guillemotright (encoding OT1)
 on input line 183.

(C:\Program Files\MiKTeX\tex/latex/koma-script\scrbase.sty

+----------------------------------------------------------------------
| WARNING (`scrbase.sty'):
+----------------------------------------------------------------------
| YOU SHOULD NOTE, THAT THIS IS NOT AN OFFICIAL RELEASE!
| THIS VERSION IS INTENDED TO BE USED FOR TESTING ONLY!
| USAGE FOR PURPOSES OTHER THAN INTENDED IS DANGEROUS!
| DON'T EXPECT ANY SUPPORT FOR THIS VERSION!
+----------------------------------------------------------------------

Package: scrbase 2026/01/29 v3.49.1 KOMA-Script package (KOMA-Script-independen
t basics and keyval usage)
(C:\Program Files\MiKTeX\tex/latex/koma-script\scrlfile.sty

+----------------------------------------------------------------------
| WARNING (`scrlfile.sty'):
+----------------------------------------------------------------------
| YOU SHOULD NOTE, THAT THIS IS NOT AN OFFICIAL RELEASE!
| THIS VERSION IS INTENDED TO BE USED FOR TESTING ONLY!
| USAGE FOR PURPOSES OTHER THAN INTENDED IS DANGEROUS!
| DON'T EXPECT ANY SUPPORT FOR THIS VERSION!
+----------------------------------------------------------------------

Package: scrlfile 2026/01/29 v3.49.1 KOMA-Script package (file load hooks)
(C:\Program Files\MiKTeX\tex/latex/koma-script\scrlfile-hook.sty

+----------------------------------------------------------------------
| WARNING (`scrlfile-hook.sty'):
+----------------------------------------------------------------------
| YOU SHOULD NOTE, THAT THIS IS NOT AN OFFICIAL RELEASE!
| THIS VERSION IS INTENDED TO BE USED FOR TESTING ONLY!
| USAGE FOR PURPOSES OTHER THAN INTENDED IS DANGEROUS!
| DON'T EXPECT ANY SUPPORT FOR THIS VERSION!
+----------------------------------------------------------------------

Package: scrlfile-hook 2026/01/29 v3.49.1 KOMA-Script package (using LaTeX hook
s)
(C:\Program Files\MiKTeX\tex/latex/koma-script\scrlogo.sty

+----------------------------------------------------------------------
| WARNING (`scrlogo.sty'):
+----------------------------------------------------------------------
| YOU SHOULD NOTE, THAT THIS IS NOT AN OFFICIAL RELEASE!
| THIS VERSION IS INTENDED TO BE USED FOR TESTING ONLY!
| USAGE FOR PURPOSES OTHER THAN INTENDED IS DANGEROUS!
| DON'T EXPECT ANY SUPPORT FOR THIS VERSION!
+----------------------------------------------------------------------

Package: scrlogo 2026/01/29 v3.49.1 KOMA-Script package (logo)
)))
Applying: [2021/05/01] Usage of raw or classic option list on input line 267.
Already applied: [0000/00/00] Usage of raw or classic option list on input line
 383.
) (C:\Program Files\MiKTeX\tex/latex/scrhack\scrhack.sty
Package: scrhack 2024-09-04 v3.42 scrhack emulation package
)
(C:\Program Files\MiKTeX\tex/latex/setspace\setspace.sty
Package: setspace 2022/12/04 v6.7b set line spacing
)
(C:\Program Files\MiKTeX\tex/latex/setspaceenhanced\setspaceenhanced.sty
Package: setspaceenhanced 2024-11-12 v1.04 improved setspace package
)
(C:\Program Files\MiKTeX\tex/latex/tools\longtable.sty
Package: longtable 2025-10-13 v4.24 Multi-page Table package (DPC)
\LTleft=\skip51
\LTright=\skip52
\LTpre=\skip53
\LTpost=\skip54
\LTchunksize=\count289
\LTcapwidth=\dimen150
\LT@head=\box53
\LT@firsthead=\box54
\LT@foot=\box55
\LT@lastfoot=\box56
\LT@gbox=\box57
\LT@cols=\count290
\LT@rows=\count291
\c@LT@tables=\count292
\c@LT@chunks=\count293
\LT@p@ftn=\toks19
)
(C:\Program Files\MiKTeX\tex/latex/siunitx\siunitx.sty
Package: siunitx 2025-07-09 v3.4.14 A comprehensive (SI) units package
\l__siunitx_number_uncert_offset_int=\count294
\l__siunitx_number_exponent_fixed_int=\count295
\l__siunitx_number_min_decimal_int=\count296
\l__siunitx_number_min_integer_int=\count297
\l__siunitx_number_round_precision_int=\count298
\l__siunitx_number_lower_threshold_int=\count299
\l__siunitx_number_upper_threshold_int=\count300
\l__siunitx_number_group_first_int=\count301
\l__siunitx_number_group_size_int=\count302
\l__siunitx_number_group_minimum_int=\count303
\l__siunitx_angle_tmp_dim=\dimen151
\l__siunitx_angle_marker_box=\box58
\l__siunitx_angle_unit_box=\box59
\l__siunitx_compound_count_int=\count304

(C:\Program Files\MiKTeX\tex/latex/translations\translations.sty
Package: translations 2022/02/05 v1.12 internationalization of LaTeX2e packages
 (CN)

(C:\Program Files\MiKTeX\tex/generic/pdftexcmds\pdftexcmds.sty
Package: pdftexcmds 2020-06-27 v0.33 Utility functions of pdfTeX for LuaTeX (HO
)

(C:\Program Files\MiKTeX\tex/generic/infwarerr\infwarerr.sty
Package: infwarerr 2019/12/03 v1.5 Providing info/warning/error messages (HO)
)
(C:\Program Files\MiKTeX\tex/generic/iftex\iftex.sty
Package: iftex 2024/12/12 v1.0g TeX engine tests
)
Package pdftexcmds Info: \pdf@primitive is available.
Package pdftexcmds Info: \pdf@ifprimitive is available.
Package pdftexcmds Info: \pdfdraftmode found.
))
(C:\Program Files\MiKTeX\tex/latex/amsmath\amstext.sty
Package: amstext 2024/11/17 v2.01 AMS text

(C:\Program Files\MiKTeX\tex/latex/amsmath\amsgen.sty
File: amsgen.sty 1999/11/30 v2.0 generic functions
\@emptytoks=\toks20
\ex@=\dimen152
))
\l__siunitx_table_tmp_box=\box60
\l__siunitx_table_tmp_dim=\dimen153
\l__siunitx_table_column_width_dim=\dimen154
\l__siunitx_table_integer_box=\box61
\l__siunitx_table_decimal_box=\box62
\l__siunitx_table_uncert_box=\box63
\l__siunitx_table_before_box=\box64
\l__siunitx_table_after_box=\box65
\l__siunitx_table_before_dim=\dimen155
\l__siunitx_table_carry_dim=\dimen156
\l__siunitx_unit_tmp_int=\count305
\l__siunitx_unit_position_int=\count306
\l__siunitx_unit_total_int=\count307

(C:\Program Files\MiKTeX\tex/latex/tools\array.sty
Package: array 2025/09/25 v2.6n Tabular extension package (FMi)
\col@sep=\dimen157
\ar@mcellbox=\box66
\extrarowheight=\dimen158
\NC@list=\toks21
\extratabsurround=\skip55
\backup@length=\skip56
\ar@cellbox=\box67
))
(C:\Program Files\MiKTeX\tex/latex/graphics\graphicx.sty
Package: graphicx 2024/12/31 v1.2e Enhanced LaTeX Graphics (DPC,SPQR)

(C:\Program Files\MiKTeX\tex/latex/graphics\graphics.sty
Package: graphics 2024/08/06 v1.4g Standard LaTeX Graphics (DPC,SPQR)

(C:\Program Files\MiKTeX\tex/latex/graphics\trig.sty
Package: trig 2023/12/02 v1.11 sin cos tan (DPC)
)
(C:\Program Files\MiKTeX\tex/latex/graphics-cfg\graphics.cfg
File: graphics.cfg 2016/06/04 v1.11 sample graphics configuration
)
Package graphics Info: Driver file: pdftex.def on input line 106.

(C:\Program Files\MiKTeX\tex/latex/graphics-def\pdftex.def
File: pdftex.def 2025/09/29 v1.2d Graphics/color driver for pdftex
))
\Gin@req@height=\dimen159
\Gin@req@width=\dimen160
)
(C:\Program Files\MiKTeX\tex/latex/booktabs\booktabs.sty
Package: booktabs 2020/01/12 v1.61803398 Publication quality tables
\heavyrulewidth=\dimen161
\lightrulewidth=\dimen162
\cmidrulewidth=\dimen163
\belowrulesep=\dimen164
\belowbottomsep=\dimen165
\aboverulesep=\dimen166
\abovetopsep=\dimen167
\cmidrulesep=\dimen168
\cmidrulekern=\dimen169
\defaultaddspace=\dimen170
\@cmidla=\count308
\@cmidlb=\count309
\@aboverulesep=\dimen171
\@belowrulesep=\dimen172
\@thisruleclass=\count310
\@lastruleclass=\count311
\@thisrulewidth=\dimen173
)
(C:\Program Files\MiKTeX\tex/latex/caption\caption.sty
Package: caption 2023/08/05 v3.6o Customizing captions (AR)

(C:\Program Files\MiKTeX\tex/latex/caption\caption3.sty
Package: caption3 2023/07/31 v2.4d caption3 kernel (AR)
\caption@tempdima=\dimen174
\captionmargin=\dimen175
\caption@leftmargin=\dimen176
\caption@rightmargin=\dimen177
\caption@width=\dimen178
\caption@indent=\dimen179
\caption@parindent=\dimen180
\caption@hangindent=\dimen181
Package caption Info: Standard document class detected.
)
\c@caption@flags=\count312
\c@continuedfloat=\count313
Package caption Info: longtable package is loaded.

(C:\Program Files\MiKTeX\tex/latex/caption\ltcaption.sty
Package: ltcaption 2021/01/08 v1.4c longtable captions (AR)
))
(C:\Program Files\MiKTeX\tex/latex/listings\listings.sty
\lst@mode=\count314
\lst@gtempboxa=\box68
\lst@token=\toks22
\lst@length=\count315
\lst@currlwidth=\dimen182
\lst@column=\count316
\lst@pos=\count317
\lst@lostspace=\dimen183
\lst@width=\dimen184
\lst@newlines=\count318
\lst@lineno=\count319
\lst@maxwidth=\dimen185

(C:\Program Files\MiKTeX\tex/latex/listings\lstpatch.sty
File: lstpatch.sty 2025/11/14 1.11b (Carsten Heinz)
)
(C:\Program Files\MiKTeX\tex/latex/listings\lstmisc.sty
File: lstmisc.sty 2025/11/14 1.11b (Carsten Heinz)
\c@lstnumber=\count320
\lst@skipnumbers=\count321
\lst@framebox=\box69
)
(C:\Program Files\MiKTeX\tex/latex/listings\listings.cfg
File: listings.cfg 2025/11/14 1.11b listings configuration
))
Package: listings 2025/11/14 1.11b (Carsten Heinz)

==> First Aid for listings.sty no longer applied!
    Expected:
        2024/09/23 1.10c (Carsten Heinz)
    but found:
        2025/11/14 1.11b (Carsten Heinz)
    so I'm assuming it got fixed.
(C:\Program Files\MiKTeX\tex/latex/base\inputenc.sty
Package: inputenc 2024/02/08 v1.3d Input encoding file
\inpenc@prehook=\toks23
\inpenc@posthook=\toks24
)
(C:\Program Files\MiKTeX\tex/latex/base\fontenc.sty
Package: fontenc 2025/07/18 v2.1d Standard LaTeX package
)
(C:\Program Files\MiKTeX\tex/latex/psnfss\palatino.sty
Package: palatino 2020/03/25 PSNFSS-v9.3 (SPQR) 
)
(C:\Program Files\MiKTeX\tex/latex/biblatex\biblatex.sty
Package: biblatex 2025/07/10 v3.21 programmable bibliographies (PK/MW)

(C:\Program Files\MiKTeX\tex/latex/logreq\logreq.sty
Package: logreq 2010/08/04 v1.0 xml request logger
\lrq@indent=\count322

(C:\Program Files\MiKTeX\tex/latex/logreq\logreq.def
File: logreq.def 2010/08/04 v1.0 logreq spec v1.0
))
(C:\Program Files\MiKTeX\tex/latex/base\ifthen.sty
Package: ifthen 2024/03/16 v1.1e Standard LaTeX ifthen package (DPC)
)
(C:\Program Files\MiKTeX\tex/latex/url\url.sty
\Urlmuskip=\muskip17
Package: url 2013/09/16  ver 3.4  Verb mode for urls, etc.
)
\c@tabx@nest=\count323
\c@listtotal=\count324
\c@listcount=\count325
\c@liststart=\count326
\c@liststop=\count327
\c@citecount=\count328
\c@citetotal=\count329
\c@multicitecount=\count330
\c@multicitetotal=\count331
\c@instcount=\count332
\c@maxnames=\count333
\c@minnames=\count334
\c@maxitems=\count335
\c@minitems=\count336
\c@citecounter=\count337
\c@maxcitecounter=\count338
\c@savedcitecounter=\count339
\c@uniquelist=\count340
\c@uniquename=\count341
\c@refsection=\count342
\c@refsegment=\count343
\c@maxextratitle=\count344
\c@maxextratitleyear=\count345
\c@maxextraname=\count346
\c@maxextradate=\count347
\c@maxextraalpha=\count348
\c@abbrvpenalty=\count349
\c@highnamepenalty=\count350
\c@lownamepenalty=\count351
\c@maxparens=\count352
\c@parenlevel=\count353
\blx@tempcnta=\count354
\blx@tempcntb=\count355
\blx@tempcntc=\count356
\c@blx@maxsection=\count357
\blx@maxsegment@0=\count358
\blx@notetype=\count359
\blx@parenlevel@text=\count360
\blx@parenlevel@foot=\count361
\blx@sectionciteorder@0=\count362
\blx@sectionciteorderinternal@0=\count363
\blx@entrysetcounter=\count364
\blx@biblioinstance=\count365
\labelnumberwidth=\skip57
\labelalphawidth=\skip58
\biblabelsep=\skip59
\bibitemsep=\skip60
\bibnamesep=\skip61
\bibinitsep=\skip62
\bibparsep=\skip63
\bibhang=\skip64
\blx@bcfin=\read3
\blx@bcfout=\write3
\blx@langwohyphens=\language85
\c@mincomprange=\count366
\c@maxcomprange=\count367
\c@mincompwidth=\count368
Package biblatex Info: Trying to load biblatex default data model...
Package biblatex Info: ... file 'blx-dm.def' found.

(C:\Program Files\MiKTeX\tex/latex/biblatex\blx-dm.def
File: blx-dm.def 2025/07/10 v3.21 biblatex datamodel (PK/MW)
)
Package biblatex Info: Trying to load biblatex style data model...
Package biblatex Info: ... file 'numeric.dbx' not found.
Package biblatex Info: Trying to load biblatex custom data model...
Package biblatex Info: ... file 'biblatex-dm.cfg' not found.
\c@afterword=\count369
\c@savedafterword=\count370
\c@annotator=\count371
\c@savedannotator=\count372
\c@author=\count373
\c@savedauthor=\count374
\c@bookauthor=\count375
\c@savedbookauthor=\count376
\c@commentator=\count377
\c@savedcommentator=\count378
\c@editor=\count379
\c@savededitor=\count380
\c@editora=\count381
\c@savededitora=\count382
\c@editorb=\count383
\c@savededitorb=\count384
\c@editorc=\count385
\c@savededitorc=\count386
\c@foreword=\count387
\c@savedforeword=\count388
\c@holder=\count389
\c@savedholder=\count390
\c@introduction=\count391
\c@savedintroduction=\count392
\c@namea=\count393
\c@savednamea=\count394
\c@nameb=\count395
\c@savednameb=\count396
\c@namec=\count397
\c@savednamec=\count398
\c@translator=\count399
\c@savedtranslator=\count400
\c@shortauthor=\count401
\c@savedshortauthor=\count402
\c@shorteditor=\count403
\c@savedshorteditor=\count404
\c@labelname=\count405
\c@savedlabelname=\count406
\c@institution=\count407
\c@savedinstitution=\count408
\c@lista=\count409
\c@savedlista=\count410
\c@listb=\count411
\c@savedlistb=\count412
\c@listc=\count413
\c@savedlistc=\count414
\c@listd=\count415
\c@savedlistd=\count416
\c@liste=\count417
\c@savedliste=\count418
\c@listf=\count419
\c@savedlistf=\count420
\c@location=\count421
\c@savedlocation=\count422
\c@organization=\count423
\c@savedorganization=\count424
\c@origlocation=\count425
\c@savedoriglocation=\count426
\c@origpublisher=\count427
\c@savedorigpublisher=\count428
\c@publisher=\count429
\c@savedpublisher=\count430
\c@language=\count431
\c@savedlanguage=\count432
\c@origlanguage=\count433
\c@savedoriglanguage=\count434
\c@pageref=\count435
\c@savedpageref=\count436
\shorthandwidth=\skip65
\shortjournalwidth=\skip66
\shortserieswidth=\skip67
\shorttitlewidth=\skip68
\shortauthorwidth=\skip69
\shorteditorwidth=\skip70
\locallabelnumberwidth=\skip71
\locallabelalphawidth=\skip72
\localshorthandwidth=\skip73
\localshortjournalwidth=\skip74
\localshortserieswidth=\skip75
\localshorttitlewidth=\skip76
\localshortauthorwidth=\skip77
\localshorteditorwidth=\skip78
Package biblatex Info: Trying to load compatibility code...
Package biblatex Info: ... file 'blx-compat.def' found.

(C:\Program Files\MiKTeX\tex/latex/biblatex\blx-compat.def
File: blx-compat.def 2025/07/10 v3.21 biblatex compatibility (PK/MW)
)
Package biblatex Info: Trying to load BibTeX backend compatibility...
Package biblatex Info: ... file 'blx-bibtex.def' found.

(C:\Program Files\MiKTeX\tex/latex/biblatex\blx-bibtex.def
File: blx-bibtex.def 2025/07/10 v3.21 biblatex compatibility (PK/MW)


Package biblatex Warning: Using fall-back bibtex backend:
(biblatex)                functionality may be reduced/unavailable.

)
Package biblatex Info: Trying to load generic definitions...
Package biblatex Info: ... file 'biblatex.def' found.
 (C:\Program Files\MiKTeX\tex/latex/biblatex\biblatex.def
File: biblatex.def 2025/07/10 v3.21 biblatex compatibility (PK/MW)
\c@textcitecount=\count437
\c@textcitetotal=\count438
\c@textcitemaxnames=\count439
\c@biburlbigbreakpenalty=\count440
\c@biburlbreakpenalty=\count441
\c@biburlnumpenalty=\count442
\c@biburlucpenalty=\count443
\c@biburllcpenalty=\count444
\biburlbigskip=\muskip18
\biburlnumskip=\muskip19
\biburlucskip=\muskip20
\biburllcskip=\muskip21
\c@smartand=\count445
)
Package biblatex Info: Trying to load natbib compatibility...
Package biblatex Info: ... file 'blx-natbib.def' found.

(C:\Program Files\MiKTeX\tex/latex/biblatex\blx-natbib.def
File: blx-natbib.def 2025/07/10 v3.21 biblatex compatibility (PK/MW)
Package biblatex Info: Delimiter 'nameyeardelim' in context '' already defined,
 overwriting.
)
Package biblatex Info: Trying to load bibliography style 'numeric'...
Package biblatex Info: ... file 'numeric.bbx' found.

(C:\Program Files\MiKTeX\tex/latex/biblatex/bbx\numeric.bbx
File: numeric.bbx 2025/07/10 v3.21 biblatex bibliography style (PK/MW)
Package biblatex Info: Trying to load bibliography style 'standard'...
Package biblatex Info: ... file 'standard.bbx' found.

(C:\Program Files\MiKTeX\tex/latex/biblatex/bbx\standard.bbx
File: standard.bbx 2025/07/10 v3.21 biblatex bibliography style (PK/MW)
\c@bbx:relatedcount=\count446
\c@bbx:relatedtotal=\count447
))
Package biblatex Info: Trying to load citation style 'numeric'...
Package biblatex Info: ... file 'numeric.cbx' found.

(C:\Program Files\MiKTeX\tex/latex/biblatex/cbx\numeric.cbx
File: numeric.cbx 2025/07/10 v3.21 biblatex citation style (PK/MW)
Package biblatex Info: Redefining '\cite'.
Package biblatex Info: Redefining '\parencite'.
Package biblatex Info: Redefining '\footcite'.
Package biblatex Info: Redefining '\footcitetext'.
Package biblatex Info: Redefining '\smartcite'.
Package biblatex Info: Redefining '\supercite'.
Package biblatex Info: Redefining '\textcite'.
Package biblatex Info: Redefining '\textcites'.
Package biblatex Info: Redefining '\cites'.
Package biblatex Info: Redefining '\parencites'.
Package biblatex Info: Redefining '\smartcites'.
)
Package biblatex Info: Trying to load configuration file...
Package biblatex Info: ... file 'biblatex.cfg' found.

(C:\Program Files\MiKTeX\tex/latex/biblatex\biblatex.cfg
File: biblatex.cfg 
)
Package biblatex Info: Input encoding 'utf8' detected.
Package biblatex Info: Document encoding is UTF8 ....
Package biblatex Info: ... and expl3
(biblatex)             2026-01-19 L3 programming layer (loader) 
(biblatex)             is new enough (at least 2020/04/06),
(biblatex)             setting 'casechanger=expl3'.

(C:\Program Files\MiKTeX\tex/latex/biblatex\blx-case-expl3.sty
Package: blx-case-expl3 2025/07/10 v3.21 expl3 case changing code for biblatex
))
(C:\Program Files\MiKTeX\tex/latex/csquotes\csquotes.sty
Package: csquotes 2024-04-04 v5.2o context-sensitive quotations (JAW)
\csq@reset=\count448
\csq@gtype=\count449
\csq@glevel=\count450
\csq@qlevel=\count451
\csq@maxlvl=\count452
\csq@tshold=\count453
\csq@ltx@everypar=\toks25

(C:\Program Files\MiKTeX\tex/latex/csquotes\csquotes.def
File: csquotes.def 2024-04-04 v5.2o csquotes generic definitions (JAW)
)
Package csquotes Info: Trying to load configuration file 'csquotes.cfg'...
Package csquotes Info: ... configuration file loaded successfully.

(C:\Program Files\MiKTeX\tex/latex/csquotes\csquotes.cfg
File: csquotes.cfg 
)
Package csquotes Info: Enabling multilingual quotes.
)
(C:\Program Files\MiKTeX\tex/latex/xcolor\xcolor.sty
Package: xcolor 2024/09/29 v3.02 LaTeX color extensions (UK)

(C:\Program Files\MiKTeX\tex/latex/graphics-cfg\color.cfg
File: color.cfg 2016/01/02 v1.6 sample color configuration
)
Package xcolor Info: Driver file: pdftex.def on input line 274.

(C:\Program Files\MiKTeX\tex/latex/graphics\mathcolor.ltx)
Package xcolor Info: Model `cmy' substituted by `cmy0' on input line 1349.
Package xcolor Info: Model `hsb' substituted by `rgb' on input line 1353.
Package xcolor Info: Model `RGB' extended on input line 1365.
Package xcolor Info: Model `HTML' substituted by `rgb' on input line 1367.
Package xcolor Info: Model `Hsb' substituted by `hsb' on input line 1368.
Package xcolor Info: Model `tHsb' substituted by `hsb' on input line 1369.
Package xcolor Info: Model `HSB' substituted by `hsb' on input line 1370.
Package xcolor Info: Model `Gray' substituted by `gray' on input line 1371.
Package xcolor Info: Model `wave' substituted by `hsb' on input line 1372.
)
(C:\Program Files\MiKTeX\tex/latex/caption\subcaption.sty
Package: subcaption 2023/07/28 v1.6b Sub-captions (AR)
Package caption Info: New subtype `subfigure' on input line 238.
\c@subfigure=\count454
Package caption Info: New subtype `subtable' on input line 238.
\c@subtable=\count455
)
(C:\Program Files\MiKTeX\tex/latex/hyperref\hyperref.sty
Package: hyperref 2026-01-29 v7.01p Hypertext links for LaTeX

(C:\Program Files\MiKTeX\tex/generic/kvdefinekeys\kvdefinekeys.sty
Package: kvdefinekeys 2019-12-19 v1.6 Define keys (HO)
)
(C:\Program Files\MiKTeX\tex/generic/pdfescape\pdfescape.sty
Package: pdfescape 2019/12/09 v1.15 Implements pdfTeX's escape features (HO)
)
(C:\Program Files\MiKTeX\tex/latex/hycolor\hycolor.sty
Package: hycolor 2020-01-27 v1.10 Color options for hyperref/bookmark (HO)
)
(C:\Program Files\MiKTeX\tex/latex/hyperref\nameref.sty
Package: nameref 2026-01-29 v2.58 Cross-referencing by name of section

(C:\Program Files\MiKTeX\tex/latex/refcount\refcount.sty
Package: refcount 2019/12/15 v3.6 Data extraction from label references (HO)
)
(C:\Program Files\MiKTeX\tex/generic/gettitlestring\gettitlestring.sty
Package: gettitlestring 2019/12/15 v1.6 Cleanup title references (HO)
)
\c@section@level=\count456
)
(C:\Program Files\MiKTeX\tex/generic/stringenc\stringenc.sty
Package: stringenc 2019/11/29 v1.12 Convert strings between diff. encodings (HO
)
)
\@linkdim=\dimen186
\Hy@linkcounter=\count457
\Hy@pagecounter=\count458

(C:\Program Files\MiKTeX\tex/latex/hyperref\pd1enc.def
File: pd1enc.def 2026-01-29 v7.01p Hyperref: PDFDocEncoding definition (HO)
Now handling font encoding PD1 ...
... no UTF-8 mapping file for font encoding PD1
)
(C:\Program Files\MiKTeX\tex/generic/intcalc\intcalc.sty
Package: intcalc 2019/12/15 v1.3 Expandable calculations with integers (HO)
)
\Hy@SavedSpaceFactor=\count459

(C:\Program Files\MiKTeX\tex/latex/hyperref\puenc.def
File: puenc.def 2026-01-29 v7.01p Hyperref: PDF Unicode definition (HO)
Now handling font encoding PU ...
... no UTF-8 mapping file for font encoding PU
)
Package hyperref Info: Option `bookmarks' set `true' on input line 4072.
Package hyperref Info: Option `unicode' set `true' on input line 4072.
Package hyperref Info: Option `pdftoolbar' set `true' on input line 4072.
Package hyperref Info: Option `pdfmenubar' set `true' on input line 4072.
Package hyperref Info: Option `pdffitwindow' set `false' on input line 4072.
Package hyperref Info: Option `colorlinks' set `true' on input line 4072.
Package hyperref Info: Option `bookmarks' set `true' on input line 4072.
Package hyperref Info: Option `unicode' set `false' on input line 4072.
Package hyperref Info: Option `pdftoolbar' set `true' on input line 4072.
Package hyperref Info: Option `pdfmenubar' set `true' on input line 4072.
Package hyperref Info: Option `pdffitwindow' set `false' on input line 4072.
Package hyperref Info: Option `colorlinks' set `true' on input line 4072.
Package hyperref Info: Hyper figures OFF on input line 4201.
Package hyperref Info: Link nesting OFF on input line 4206.
Package hyperref Info: Hyper index ON on input line 4209.
Package hyperref Info: Plain pages OFF on input line 4216.
Package hyperref Info: Backreferencing OFF on input line 4221.
Package hyperref Info: Implicit mode ON; LaTeX internals redefined.
Package hyperref Info: Bookmarks ON on input line 4468.
\c@Hy@tempcnt=\count460
LaTeX Info: Redefining \url on input line 4807.
\XeTeXLinkMargin=\dimen187

(C:\Program Files\MiKTeX\tex/generic/bitset\bitset.sty
Package: bitset 2019/12/09 v1.3 Handle bit-vector datatype (HO)

(C:\Program Files\MiKTeX\tex/generic/bigintcalc\bigintcalc.sty
Package: bigintcalc 2019/12/15 v1.5 Expandable calculations on big integers (HO
)
))
\Fld@menulength=\count461
\Field@Width=\dimen188
\Fld@charsize=\dimen189
Package hyperref Info: Hyper figures OFF on input line 6084.
Package hyperref Info: Link nesting OFF on input line 6089.
Package hyperref Info: Hyper index ON on input line 6092.
Package hyperref Info: backreferencing OFF on input line 6099.
Package hyperref Info: Link coloring ON on input line 6102.
Package hyperref Info: Link coloring with OCG OFF on input line 6109.
Package hyperref Info: PDF/A mode OFF on input line 6114.
\Hy@abspage=\count462
\c@Item=\count463
\c@Hfootnote=\count464
)
Package hyperref Info: Driver (autodetected): hpdftex.

(C:\Program Files\MiKTeX\tex/latex/hyperref\hpdftex.def
File: hpdftex.def 2026-01-29 v7.01p Hyperref driver for pdfTeX
\Fld@listcount=\count465
\c@bookmark@seq@number=\count466

(C:\Program Files\MiKTeX\tex/latex/rerunfilecheck\rerunfilecheck.sty
Package: rerunfilecheck 2025-06-21 v1.11 Rerun checks for auxiliary files (HO)

(C:\Program Files\MiKTeX\tex/generic/uniquecounter\uniquecounter.sty
Package: uniquecounter 2019/12/15 v1.4 Provide unlimited unique counter (HO)
)
Package uniquecounter Info: New unique counter `rerunfilecheck' on input line 2
84.
)
\Hy@SectionHShift=\skip79
)
(C:\Program Files\MiKTeX\tex/latex/geometry\geometry.sty
Package: geometry 2020/01/02 v5.9 Page Geometry

(C:\Program Files\MiKTeX\tex/generic/iftex\ifvtex.sty
Package: ifvtex 2019/10/25 v1.7 ifvtex legacy package. Use iftex instead.
)
\Gm@cnth=\count467
\Gm@cntv=\count468
\c@Gm@tempcnt=\count469
\Gm@bindingoffset=\dimen190
\Gm@wd@mp=\dimen191
\Gm@odd@mp=\dimen192
\Gm@even@mp=\dimen193
\Gm@layoutwidth=\dimen194
\Gm@layoutheight=\dimen195
\Gm@layouthoffset=\dimen196
\Gm@layoutvoffset=\dimen197
\Gm@dimlist=\toks26

(C:\Program Files\MiKTeX\tex/latex/geometry\geometry.cfg))
(C:\Program Files\MiKTeX\tex/latex/koma-script\scrlayer-scrpage.sty

+----------------------------------------------------------------------
| WARNING (`scrlayer-scrpage.sty'):
+----------------------------------------------------------------------
| YOU SHOULD NOTE, THAT THIS IS NOT AN OFFICIAL RELEASE!
| THIS VERSION IS INTENDED TO BE USED FOR TESTING ONLY!
| USAGE FOR PURPOSES OTHER THAN INTENDED IS DANGEROUS!
| DON'T EXPECT ANY SUPPORT FOR THIS VERSION!
+----------------------------------------------------------------------

Package: scrlayer-scrpage 2026/01/29 v3.49.1 KOMA-Script package (end user inte
rface for scrlayer)
(C:\Program Files\MiKTeX\tex/latex/koma-script\scrlayer.sty

+----------------------------------------------------------------------
| WARNING (`scrlayer.sty'):
+----------------------------------------------------------------------
| YOU SHOULD NOTE, THAT THIS IS NOT AN OFFICIAL RELEASE!
| THIS VERSION IS INTENDED TO BE USED FOR TESTING ONLY!
| USAGE FOR PURPOSES OTHER THAN INTENDED IS DANGEROUS!
| DON'T EXPECT ANY SUPPORT FOR THIS VERSION!
+----------------------------------------------------------------------

Package: scrlayer 2026/01/29 v3.49.1 KOMA-Script package (defining layers and p
age styles)
(C:\Program Files\MiKTeX\tex/latex/koma-script\scrkbase.sty

+----------------------------------------------------------------------
| WARNING (`scrkbase.sty'):
+----------------------------------------------------------------------
| YOU SHOULD NOTE, THAT THIS IS NOT AN OFFICIAL RELEASE!
| THIS VERSION IS INTENDED TO BE USED FOR TESTING ONLY!
| USAGE FOR PURPOSES OTHER THAN INTENDED IS DANGEROUS!
| DON'T EXPECT ANY SUPPORT FOR THIS VERSION!
+----------------------------------------------------------------------

Package: scrkbase 2026/01/29 v3.49.1 KOMA-Script package (KOMA-Script-dependent
 basics and keyval usage)
)
\footheight=\skip80
Package scrlayer Info: patching LaTeX kernel macro \pagestyle on input line 219
2.
)
Package scrbase Info: Unknown processing state.
(scrbase)             Processing option `markcase=used'
(scrbase)             of member `.scrlayer-scrpage.sty' of family
(scrbase)             `KOMA' doesn't set
(scrbase)             a valid state. This will be interpreted
(scrbase)             as \FamilyKeyStateProcessed on input line 662.
)) (C:\Program Files\MiKTeX\tex/latex/base\fontenc.sty
Package: fontenc 2025/07/18 v2.1d Standard LaTeX package
LaTeX Font Info:    Trying to load font information for T1+ppl on input line 11
6.

(C:\Program Files\MiKTeX\tex/latex/psnfss\t1ppl.fd
File: t1ppl.fd 2001/06/04 font definitions for T1/ppl.
))
(C:\Program Files\MiKTeX\tex/latex/eso-pic\eso-pic.sty
Package: eso-pic 2025/12/10 v3.0d eso-pic (RN)
\ESO@tempdima=\dimen198
\ESO@tempdimb=\dimen199
)
Package hyperref Info: Option `unicode' set `true' on input line 39.
Package hyperref Info: Option `colorlinks' set `true' on input line 39.
Package csquotes Info: Checking for multilingual support...
Package csquotes Info: ... found 'babel' package.
 (memorianueva.aux
(portada.aux)
LaTeX Info: Redefining \. on input line 16.
LaTeX Info: Redefining \% on input line 16.
Package babel Info: 'spanish' activates 'spanish' shorthands.
(babel)             Reported on input line 16.
 (Chapters/Chapter1.aux) (Chapters/Chapter2.aux)
(Chapters/Chapter3.aux) (Chapters/Chapter4.aux) (Chapters/Chapter5.aux))
\openout1 = `memorianueva.aux'.

LaTeX Font Info:    Checking defaults for OML/cmm/m/it on input line 61.
LaTeX Font Info:    ... okay on input line 61.
LaTeX Font Info:    Checking defaults for OMS/cmsy/m/n on input line 61.
LaTeX Font Info:    ... okay on input line 61.
LaTeX Font Info:    Checking defaults for OT1/cmr/m/n on input line 61.
LaTeX Font Info:    ... okay on input line 61.
LaTeX Font Info:    Checking defaults for T1/cmr/m/n on input line 61.
LaTeX Font Info:    ... okay on input line 61.
LaTeX Font Info:    Checking defaults for TS1/cmr/m/n on input line 61.
LaTeX Font Info:    ... okay on input line 61.
LaTeX Font Info:    Checking defaults for OMX/cmex/m/n on input line 61.
LaTeX Font Info:    ... okay on input line 61.
LaTeX Font Info:    Checking defaults for U/cmr/m/n on input line 61.
LaTeX Font Info:    ... okay on input line 61.
LaTeX Font Info:    Checking defaults for PD1/pdf/m/n on input line 61.
LaTeX Font Info:    ... okay on input line 61.
LaTeX Font Info:    Checking defaults for PU/pdf/m/n on input line 61.
LaTeX Font Info:    ... okay on input line 61.
LaTeX Info: Redefining \. on input line 61.
LaTeX Info: Redefining \% on input line 61.

(C:\Program Files\MiKTeX\tex/latex/translations/dicts\translations-basic-dictio
nary-spanish.trsl
File: translations-basic-dictionary-spanish.trsl (spanish translation file `tra
nslations-basic-dictionary')
)
Package translations Info: loading dictionary `translations-basic-dictionary' f
or `spanish'. on input line 61.
 (C:\Program Files\MiKTeX\tex/context/base/mkii\supp-pdf.mkii
[Loading MPS to PDF converter (version 2006.09.02).]
\scratchcounter=\count470
\scratchdimen=\dimen256
\scratchbox=\box70
\nofMPsegments=\count471
\nofMParguments=\count472
\everyMPshowfont=\toks27
\MPscratchCnt=\count473
\MPscratchDim=\dimen257
\MPnumerator=\count474
\makeMPintoPDFobject=\count475
\everyMPtoPDFconversion=\toks28
) (C:\Program Files\MiKTeX\tex/latex/epstopdf-pkg\epstopdf-base.sty
Package: epstopdf-base 2020-01-24 v2.11 Base part for package epstopdf

(C:\Program Files\MiKTeX\tex/latex/grfext\grfext.sty
Package: grfext 2019/12/03 v1.3 Manage graphics extensions (HO)
)
Package epstopdf-base Info: Redefining graphics rule for `.eps' on input line 4
85.
Package grfext Info: Graphics extension search list:
(grfext)             [.pdf,.png,.jpg,.mps,.jpeg,.jbig2,.jb2,.PDF,.PNG,.JPG,.JPE
G,.JBIG2,.JB2,.eps]
(grfext)             \AppendGraphicsExtensions on input line 504.

(C:\Program Files\MiKTeX\tex/latex/00miktex\epstopdf-sys.cfg
File: epstopdf-sys.cfg 2021/03/18 v2.0 Configuration of epstopdf for MiKTeX
))
Package caption Info: Begin \AtBeginDocument code.
Package caption Info: hyperref package is loaded.
Package caption Info: listings package is loaded.
Package caption Info: End \AtBeginDocument code.
\c@lstlisting=\count476
Package biblatex Info: Trying to load language 'spanish'...
Package biblatex Info: ... file 'spanish.lbx' found.

(C:\Program Files\MiKTeX\tex/latex/biblatex/lbx\spanish.lbx
File: spanish.lbx 2025/07/10 v3.21 biblatex localization (PK/MW)
)
Package biblatex Info: Input encoding 'utf8' detected.
Package biblatex Info: Automatic encoding selection.
(biblatex)             Assuming data encoding 'utf8'.
Package biblatex Info: Input encoding 'utf8' detected.
Package biblatex Info: Data encoding 'utf8' specified.
(biblatex)             No need to reencode data.
\openout3 = `memorianueva-blx.bib'.

Package biblatex Info: Trying to load bibliographic data...
Package biblatex Info: ... file 'memorianueva.bbl' found.
 (memorianueva.bbl)
Package biblatex Info: Reference section=0 on input line 61.
Package biblatex Info: Reference segment=0 on input line 61.
Package hyperref Info: Link coloring ON on input line 61.
(memorianueva.out) (memorianueva.out)
\@outlinefile=\write4
\openout4 = `memorianueva.out'.

LaTeX Info: Redefining \sptext on input line 61.
LaTeX Info: Redefining \lsc on input line 61.
LaTeX Info: Redefining \. on input line 61.
LaTeX Info: Redefining \% on input line 61.
LaTeX Info: Redefining \dotlessi on input line 61.
Package scrbase Info: activating spanish \lstlistingname on input line 61.
LaTeX Info: Redefining \sptext on input line 61.
LaTeX Info: Redefining \lsc on input line 61.
LaTeX Info: Redefining \. on input line 61.
LaTeX Info: Redefining \% on input line 61.
LaTeX Info: Redefining \dotlessi on input line 61.
Package scrbase Info: activating spanish \acknowledgementname on input line 61.

LaTeX Info: Redefining \sptext on input line 61.
LaTeX Info: Redefining \lsc on input line 61.
LaTeX Info: Redefining \. on input line 61.
LaTeX Info: Redefining \% on input line 61.
LaTeX Info: Redefining \dotlessi on input line 61.
Package scrbase Info: activating spanish \authorshipname on input line 61.
LaTeX Info: Redefining \sptext on input line 61.
LaTeX Info: Redefining \lsc on input line 61.
LaTeX Info: Redefining \. on input line 61.
LaTeX Info: Redefining \% on input line 61.
LaTeX Info: Redefining \dotlessi on input line 61.
Package scrbase Info: activating spanish \abbrevname on input line 61.
LaTeX Info: Redefining \sptext on input line 61.
LaTeX Info: Redefining \lsc on input line 61.
LaTeX Info: Redefining \. on input line 61.
LaTeX Info: Redefining \% on input line 61.
LaTeX Info: Redefining \dotlessi on input line 61.
Package scrbase Info: activating spanish \byname on input line 61.

*geometry* driver: auto-detecting
*geometry* detected driver: pdftex
*geometry* verbose mode - [ preamble ] result:
* driver: pdftex
* paper: a4paper
* layout: <same size as paper>
* layoutoffset:(h,v)=(0.0pt,0.0pt)
* bindingoffset: 56.9055pt
* modes: includehead includefoot twoside 
* h-part:(L,W,R)=(56.9055pt, 389.80269pt, 93.89418pt)
* v-part:(T,H,B)=(42.67912pt, 759.6886pt, 42.67912pt)
* \paperwidth=597.50787pt
* \paperheight=845.04684pt
* \textwidth=389.80269pt
* \textheight=693.49821pt
* \oddsidemargin=41.54102pt
* \evensidemargin=21.62419pt
* \topmargin=-29.59087pt
* \headheight=18.85364pt
* \headsep=19.8738pt
* \topskip=11.0pt
* \footskip=27.46295pt
* \marginparwidth=116.0pt
* \marginparsep=7.0pt
* \columnsep=10.0pt
* \skip\footins=10.0pt plus 4.0pt minus 2.0pt
* \hoffset=0.0pt
* \voffset=0.0pt
* \mag=1000
* \@twocolumnfalse
* \@twosidetrue
* \@mparswitchtrue
* \@reversemarginfalse
* (1in=72.27pt=25.4mm, 1cm=28.453pt)

\openout2 = `portada.aux'.

(portada.tex
LaTeX Font Info:    Trying to load font information for T1+phv on input line 14
.
 (C:\Program Files\MiKTeX\tex/latex/psnfss\t1phv.fd
File: t1phv.fd 2020/03/25 scalable font definitions for T1/phv.
)
LaTeX Font Info:    Font shape `T1/phv/m/it' in size <10.95> not available
(Font)              Font shape `T1/phv/m/sl' tried instead on input line 48.
LaTeX Font Info:    Font shape `T1/phv/m/it' in size <10> not available
(Font)              Font shape `T1/phv/m/sl' tried instead on input line 48.


pdfTeX warning: pdflatex (file ./Figures/fondo.pdf): PDF inclusion: found PDF v
ersion <1.6>, but at most version <1.5> allowed
<Figures/fondo.pdf, id=187, 597.55246pt x 845.07718pt>
File: Figures/fondo.pdf Graphic file (type pdf)
<use Figures/fondo.pdf>
Package pdftex.def Info: Figures/fondo.pdf  used on input line 51.
(pdftex.def)             Requested size: 597.551pt x 845.04932pt.
[1



{C:/Users/matir/AppData/Local/MiKTeX/fonts/map/pdftex/pdftex.map}{C:/Program Fi
les/MiKTeX/fonts/enc/dvips/base/8r.enc} <./Figures/fondo.pdf>]) [2



]
--------------------
 Resumen
--------------------
LaTeX Font Info:    External font `cmex10' loaded for size
(Font)              <10.95> on input line 90.
LaTeX Font Info:    External font `cmex10' loaded for size
(Font)              <8> on input line 90.
LaTeX Font Info:    External font `cmex10' loaded for size
(Font)              <6> on input line 90.
[1

] [2

]
--------------------
 Agradecimientos
--------------------
[3] [4

] (memorianueva.toc
LaTeX Info: Redefining \sptext on input line 1.
LaTeX Info: Redefining \. on input line 1.
LaTeX Info: Redefining \% on input line 1.
 [5])
\tf@toc=\write5
\openout5 = `memorianueva.toc'.

 [6] (memorianueva.lof
LaTeX Info: Redefining \sptext on input line 1.
LaTeX Info: Redefining \. on input line 1.
LaTeX Info: Redefining \% on input line 1.
)
\tf@lof=\write6
\openout6 = `memorianueva.lof'.

 [7

] [8

] (memorianueva.lot
LaTeX Info: Redefining \sptext on input line 1.
LaTeX Info: Redefining \. on input line 1.
LaTeX Info: Redefining \% on input line 1.
)
\tf@lot=\write7
\openout7 = `memorianueva.lot'.

 [9] [10

]
--------------------
 Dedicatory
--------------------
[11] [12

]
\openout2 = `Chapters/Chapter1.aux'.

 (Chapters/Chapter1.tex
Cap\'{\i }tulo 1.

pdfTeX warning (ext4): destination with the same identifier (name{page.1}) has 
been already used, duplicate ignored
<to be read again> 
                   \relax 
l.63 L
      a baterĂ­a constituye el dispositivo de almacenamiento de energĂ­a del...
[1


]
<./Figures/esquema_domotica.png, id=381, 623.32875pt x 295.1025pt>
File: ./Figures/esquema_domotica.png Graphic file (type png)
<use ./Figures/esquema_domotica.png>
Package pdftex.def Info: ./Figures/esquema_domotica.png  used on input line 111
.
(pdftex.def)             Requested size: 374.00014pt x 177.06285pt.


LaTeX Warning: `h' float specifier changed to `ht'.

LaTeX Info: Redefining \. on input line 116.
LaTeX Info: Redefining \% on input line 116.
Package babel Info: 'spanish' activates 'spanish' shorthands.
(babel)             Reported on input line 116.

pdfTeX warning (ext4): destination with the same identifier (name{page.2}) has 
been already used, duplicate ignored
<to be read again> 
                   \relax 
l.116 \newpage
               [2]
LaTeX Info: Redefining \. on input line 141.
LaTeX Info: Redefining \% on input line 141.
 [3 <./Figures/esquema_domotica.png>]
<./Figures/esquema.png, id=400, 2547.5175pt x 1409.265pt>
File: ./Figures/esquema.png Graphic file (type png)
<use ./Figures/esquema.png>
Package pdftex.def Info: ./Figures/esquema.png  used on input line 192.
(pdftex.def)             Requested size: 407.61113pt x 225.487pt.

Overfull \hbox (17.80844pt too wide) in paragraph at lines 192--193
 [][] 
 []

LaTeX Info: Redefining \. on input line 196.
LaTeX Info: Redefining \% on input line 196.
[4])
LaTeX Info: Redefining \. on input line 117.
LaTeX Info: Redefining \% on input line 117.
 [5 <./Figures/esquema.png>]
\openout2 = `Chapters/Chapter2.aux'.

 (Chapters/Chapter2.tex [6




]
Cap\'{\i }tulo 2.
[7]
LaTeX Info: Redefining \. on input line 98.
LaTeX Info: Redefining \% on input line 98.
 [8]
<./Figures/esp32.png, id=437, 148.30406pt x 289.08pt>
File: ./Figures/esp32.png Graphic file (type png)
<use ./Figures/esp32.png>
Package pdftex.def Info: ./Figures/esp32.png  used on input line 114.
(pdftex.def)             Requested size: 74.15184pt x 144.53964pt.
LaTeX Font Info:    External font `cmex10' loaded for size
(Font)              <7> on input line 115.
LaTeX Font Info:    External font `cmex10' loaded for size
(Font)              <5> on input line 115.
LaTeX Font Info:    External font `cmex10' loaded for size
(Font)              <9> on input line 118.

Underfull \hbox (badness 10000) in paragraph at lines 118--118
[][][]\T1/ppl/m/n/9 Imagen to-ma-da de [][]https://robu.in/product/esp32-38pin-
development-board-
 []

LaTeX Info: Redefining \. on input line 136.
LaTeX Info: Redefining \% on input line 136.
[9 <./Figures/esp32.png>]
<./Figures/transceiver.png, id=451, 623.32875pt x 100.12407pt>
File: ./Figures/transceiver.png Graphic file (type png)
<use ./Figures/transceiver.png>
Package pdftex.def Info: ./Figures/transceiver.png  used on input line 148.
(pdftex.def)             Requested size: 374.00014pt x 60.07489pt.
<./Figures/w5100.jpg, id=454, 253.94875pt x 199.74625pt>
File: ./Figures/w5100.jpg Graphic file (type jpg)
<use ./Figures/w5100.jpg>
Package pdftex.def Info: ./Figures/w5100.jpg  used on input line 172.
(pdftex.def)             Requested size: 177.76291pt x 139.82141pt.
LaTeX Info: Redefining \. on input line 186.
LaTeX Info: Redefining \% on input line 186.
 [10 <./Figures/transceiver.png> <./Figures/w5100.jpg>]
LaTeX Info: Redefining \. on input line 237.
LaTeX Info: Redefining \% on input line 237.
 [11]
<./Figures/esquema_herramientas_app.png, id=480, 779.16093pt x 167.87718pt>
File: ./Figures/esquema_herramientas_app.png Graphic file (type png)
<use ./Figures/esquema_herramientas_app.png>
Package pdftex.def Info: ./Figures/esquema_herramientas_app.png  used on input 
line 249.
(pdftex.def)             Requested size: 389.57951pt x 83.93839pt.
)
LaTeX Info: Redefining \. on input line 118.
LaTeX Info: Redefining \% on input line 118.
 [12 <./Figures/esquema_herramientas_app.png>]
\openout2 = `Chapters/Chapter3.aux'.

 (Chapters/Chapter3.tex
Cap\'{\i }tulo 3.
<./Figures/esquema_hw_general.png, id=501, 485.56406pt x 554.82281pt>
File: ./Figures/esquema_hw_general.png Graphic file (type png)
<use ./Figures/esquema_hw_general.png>
Package pdftex.def Info: ./Figures/esquema_hw_general.png  used on input line 1
7.
(pdftex.def)             Requested size: 267.06105pt x 305.15349pt.
[13




 <./Figures/esquema_hw_general.png>]
<./Figures/placa_transceiver.png, id=509, 451.6875pt x 248.42813pt>
File: ./Figures/placa_transceiver.png Graphic file (type png)
<use ./Figures/placa_transceiver.png>
Package pdftex.def Info: ./Figures/placa_transceiver.png  used on input line 56
.
(pdftex.def)             Requested size: 271.01459pt x 149.05801pt.
<./Figures/esquema_hw_transceiver.png, id=511, 625.58719pt x 242.40562pt>
File: ./Figures/esquema_hw_transceiver.png Graphic file (type png)
<use ./Figures/esquema_hw_transceiver.png>
Package pdftex.def Info: ./Figures/esquema_hw_transceiver.png  used on input li
ne 70.
(pdftex.def)             Requested size: 375.35521pt x 145.44447pt.


LaTeX Warning: `h' float specifier changed to `ht'.

LaTeX Info: Redefining \. on input line 74.
LaTeX Info: Redefining \% on input line 74.
[14 <./Figures/placa_transceiver.png>]
<./Figures/divisor_resistivo.png, id=518, 326.72063pt x 240.14719pt>
File: ./Figures/divisor_resistivo.png Graphic file (type png)
<use ./Figures/divisor_resistivo.png>
Package pdftex.def Info: ./Figures/divisor_resistivo.png  used on input line 96
.
(pdftex.def)             Requested size: 196.03387pt x 144.0894pt.
LaTeX Info: Redefining \. on input line 104.
LaTeX Info: Redefining \% on input line 104.
 [15 <./Figures/esquema_hw_transceiver.png> <./Figures/divisor_resistivo.png>]
LaTeX Info: Redefining \. on input line 170.
LaTeX Info: Redefining \% on input line 170.
 [16]
<./Figures/prototipo_experimental.png, id=530, 1388.93906pt x 1156.32pt>
File: ./Figures/prototipo_experimental.png Graphic file (type png)
<use ./Figures/prototipo_experimental.png>
Package pdftex.def Info: ./Figures/prototipo_experimental.png  used on input li
ne 182.
(pdftex.def)             Requested size: 375.01855pt x 312.21057pt.
LaTeX Info: Redefining \. on input line 196.
LaTeX Info: Redefining \% on input line 196.
 [17 <./Figures/prototipo_experimental.png>]
LaTeX Info: Redefining \. on input line 243.
LaTeX Info: Redefining \% on input line 243.
 [18]
<./Figures/pcb_pca10.png, id=548, 880.79062pt x 845.40843pt>
File: ./Figures/pcb_pca10.png Graphic file (type png)
<use ./Figures/pcb_pca10.png>
Package pdftex.def Info: ./Figures/pcb_pca10.png  used on input line 257.
(pdftex.def)             Requested size: 352.31pt x 338.15738pt.
LaTeX Info: Redefining \. on input line 270.
LaTeX Info: Redefining \% on input line 270.
 [19 <./Figures/pcb_pca10.png>]
Overfull \hbox (7.5786pt too wide) in paragraph at lines 293--293
[]|\T1/ppl/b/n/10.95 Componente| 
 []


Overfull \hbox (8.04948pt too wide) in paragraph at lines 296--296
[]|\T1/ppl/m/n/10.95 PIC18F26K80| 
 []


Overfull \hbox (1.47906pt too wide) in paragraph at lines 300--300
[]|\T1/ppl/m/n/10.95 Resistencias| 
 []

<./Figures/tareas_rtos.png, id=558, 740.0147pt x 426.09187pt>
File: ./Figures/tareas_rtos.png Graphic file (type png)
<use ./Figures/tareas_rtos.png>
Package pdftex.def Info: ./Figures/tareas_rtos.png  used on input line 325.
(pdftex.def)             Requested size: 370.00644pt x 213.04541pt.

LaTeX Warning: `h' float specifier changed to `ht'.

LaTeX Info: Redefining \. on input line 329.
LaTeX Info: Redefining \% on input line 329.
[20]
LaTeX Info: Redefining \. on input line 371.
LaTeX Info: Redefining \% on input line 371.
 [21 <./Figures/tareas_rtos.png>]
LaTeX Info: Redefining \. on input line 431.
LaTeX Info: Redefining \% on input line 431.
 [22]
Overfull \hbox (5.07204pt too wide) in paragraph at lines 437--439
[]\T1/ppl/m/n/10.95 Esta ta-rea se en-car-ga de so-li-ci-tar de for-ma pe-rió-d
i-ca in-for-ma-ción al mó-du-lo PRC10. 
 []

LaTeX Info: Redefining \. on input line 490.
LaTeX Info: Redefining \% on input line 490.
[23]
LaTeX Info: Redefining \. on input line 548.
LaTeX Info: Redefining \% on input line 548.
 [24]
<./Figures/P1_Home.png, id=592, 2409.0pt x 1084.05pt>
File: ./Figures/P1_Home.png Graphic file (type png)
<use ./Figures/P1_Home.png>
Package pdftex.def Info: ./Figures/P1_Home.png  used on input line 604.
(pdftex.def)             Requested size: 385.44788pt x 173.45154pt.


LaTeX Warning: `h' float specifier changed to `ht'.

LaTeX Info: Redefining \. on input line 620.
LaTeX Info: Redefining \% on input line 620.
[25]
<./Figures/P2_Luces.png, id=600, 2409.0pt x 1084.05pt>
File: ./Figures/P2_Luces.png Graphic file (type png)
<use ./Figures/P2_Luces.png>
Package pdftex.def Info: ./Figures/P2_Luces.png  used on input line 667.
(pdftex.def)             Requested size: 385.44788pt x 173.45154pt.
LaTeX Info: Redefining \. on input line 670.
LaTeX Info: Redefining \% on input line 670.
 [26 <./Figures/P1_Home.png>]
<./Figures/P3_Motores.png, id=608, 1806.75pt x 2481.27pt>
File: ./Figures/P3_Motores.png Graphic file (type png)
<use ./Figures/P3_Motores.png>
Package pdftex.def Info: ./Figures/P3_Motores.png  used on input line 699.
(pdftex.def)             Requested size: 289.0859pt x 397.01132pt.


LaTeX Warning: `h' float specifier changed to `ht'.

LaTeX Info: Redefining \. on input line 726.
LaTeX Info: Redefining \% on input line 726.
[27 <./Figures/P2_Luces.png>]
<./Figures/P4_Energia.png, id=617, 2409.0pt x 1084.05pt>
File: ./Figures/P4_Energia.png Graphic file (type png)
<use ./Figures/P4_Energia.png>
Package pdftex.def Info: ./Figures/P4_Energia.png  used on input line 746.
(pdftex.def)             Requested size: 385.44788pt x 173.45154pt.


LaTeX Warning: `h' float specifier changed to `ht'.

LaTeX Info: Redefining \. on input line 761.
LaTeX Info: Redefining \% on input line 761.
[28 <./Figures/P3_Motores.png>]
LaTeX Info: Redefining \. on input line 809.
LaTeX Info: Redefining \% on input line 809.
 [29 <./Figures/P4_Energia.png>])
LaTeX Info: Redefining \. on input line 119.
LaTeX Info: Redefining \% on input line 119.
 [30]
\openout2 = `Chapters/Chapter4.aux'.


(Chapters/Chapter4.tex
Cap\'{\i }tulo 4.
<./Figures/ionic_debug.png, id=637, 1225.57875pt x 458.46281pt>
File: ./Figures/ionic_debug.png Graphic file (type png)
<use ./Figures/ionic_debug.png>
Package pdftex.def Info: ./Figures/ionic_debug.png  used on input line 30.
(pdftex.def)             Requested size: 392.19322pt x 146.71109pt.

Overfull \hbox (2.39053pt too wide) in paragraph at lines 30--31
 [][] 
 []

[31




 <./Figures/ionic_debug.png>]
LaTeX Info: Redefining \. on input line 111.
LaTeX Info: Redefining \% on input line 111.
 [32]
<./Figures/app_json_recibido.png, id=649, 852.18375pt x 455.45157pt>
File: ./Figures/app_json_recibido.png Graphic file (type png)
<use ./Figures/app_json_recibido.png>
Package pdftex.def Info: ./Figures/app_json_recibido.png  used on input line 13
3.
(pdftex.def)             Requested size: 392.00928pt x 209.51025pt.

Overfull \hbox (2.20659pt too wide) in paragraph at lines 133--134
 [][] 
 []

<./Figures/pulsador_respuesta_esp32.png, id=651, 202.50656pt x 91.09032pt>
File: ./Figures/pulsador_respuesta_esp32.png Graphic file (type png)
<use ./Figures/pulsador_respuesta_esp32.png>
Package pdftex.def Info: ./Figures/pulsador_respuesta_esp32.png  used on input 
line 157.
(pdftex.def)             Requested size: 202.50604pt x 91.09007pt.

LaTeX Warning: `h' float specifier changed to `ht'.

LaTeX Info: Redefining \. on input line 167.
LaTeX Info: Redefining \% on input line 167.
[33 <./Figures/app_json_recibido.png>]
<./Figures/app_json_pulsador.png, id=658, 816.80156pt x 379.4175pt>
File: ./Figures/app_json_pulsador.png Graphic file (type png)
<use ./Figures/app_json_pulsador.png>
Package pdftex.def Info: ./Figures/app_json_pulsador.png  used on input line 17
8.
(pdftex.def)             Requested size: 375.73328pt x 174.53416pt.
LaTeX Info: Redefining \. on input line 197.
LaTeX Info: Redefining \% on input line 197.
 [34 <./Figures/pulsador_respuesta_esp32.png> <./Figures/app_json_pulsador.png>
]
<./Figures/prc10.png, id=666, 602.25pt x 453.19313pt>
File: ./Figures/prc10.png Graphic file (type png)
<use ./Figures/prc10.png>
Package pdftex.def Info: ./Figures/prc10.png  used on input line 213.
(pdftex.def)             Requested size: 361.35278pt x 271.91797pt.
<./Figures/maletin.png, id=668, 453.19313pt x 602.25pt>
File: ./Figures/maletin.png Graphic file (type png)
<use ./Figures/maletin.png>
Package pdftex.def Info: ./Figures/maletin.png  used on input line 228.
(pdftex.def)             Requested size: 271.91797pt x 361.35278pt.


LaTeX Warning: `h' float specifier changed to `ht'.

LaTeX Info: Redefining \. on input line 243.
LaTeX Info: Redefining \% on input line 243.
[35 <./Figures/prc10.png>]
<./Figures/multiplus.png, id=676, 712.16063pt x 339.51843pt>
File: ./Figures/multiplus.png Graphic file (type png)
<use ./Figures/multiplus.png>
Package pdftex.def Info: ./Figures/multiplus.png  used on input line 246.
(pdftex.def)             Requested size: 384.561pt x 183.33722pt.


LaTeX Warning: `h' float specifier changed to `ht'.

LaTeX Info: Redefining \. on input line 278.
LaTeX Info: Redefining \% on input line 278.
[36 <./Figures/maletin.png>])
LaTeX Info: Redefining \. on input line 120.
LaTeX Info: Redefining \% on input line 120.
 [37 <./Figures/multiplus.png>]
\openout2 = `Chapters/Chapter5.aux'.


(Chapters/Chapter5.tex [38




]
Cap\'{\i }tulo 5.
[39])
LaTeX Info: Redefining \. on input line 121.
LaTeX Info: Redefining \% on input line 121.
 [40]
Overfull \hbox (16.7263pt too wide) in paragraph at lines 139--139
[]\T1/ppl/m/n/10.95 Victron Energy. Úl-ti-ma con-sul-ta: 2025-03-14. \T1/ppl/m/
sc/10.95 url\T1/ppl/m/n/10.95 : [][]$https : / / www . victronenergy .
 []


Overfull \hbox (11.73021pt too wide) in paragraph at lines 139--139
\T1/ppl/m/n/10.95 20Enhanced % 20Flash % 20MCU % 20with % 20ECAN % 20XLP % 20Te
chnology %
 []


Overfull \hbox (17.47052pt too wide) in paragraph at lines 139--139
[]\T1/ppl/m/it/10.95 Introduction to Io-nic\T1/ppl/m/n/10.95 . Úl-ti-ma con-sul
-ta: 2025-03-19. \T1/ppl/m/sc/10.95 url\T1/ppl/m/n/10.95 : [][]$https : / / ion
icframework .
 []


Overfull \hbox (34.55379pt too wide) in paragraph at lines 139--139
[]\T1/ppl/m/it/10.95 What is Ty-peS-cript? \T1/ppl/m/n/10.95 Úl-ti-ma con-sul-t
a: 2025-03-29. \T1/ppl/m/sc/10.95 url\T1/ppl/m/n/10.95 : [][]$https : / / www .
 typescriptlang .
 []

[41



]
Overfull \hbox (6.59753pt too wide) in paragraph at lines 139--139
[]\T1/ppl/m/it/10.95 Android Stu-dio\T1/ppl/m/n/10.95 . Úl-ti-ma con-sul-ta: 20
25-03-25. \T1/ppl/m/sc/10.95 url\T1/ppl/m/n/10.95 : [][]$https : / / developer 
. android .
 []


Overfull \hbox (10.86946pt too wide) in paragraph at lines 139--139
[]\T1/ppl/m/it/10.95 AP63200/AP63201/AP63203/AP63205\T1/ppl/m/n/10.95 . Úl-ti-m
a con-sul-ta: 2025-03-29. \T1/ppl/m/sc/10.95 url\T1/ppl/m/n/10.95 : [][]$https 
:
 []


Overfull \hbox (18.87357pt too wide) in paragraph at lines 139--139
\T1/ppl/m/n/10.95 / / 4donline . ihs . com / images / VipMasterIC / IC / DIOD /
 DIOD -[] S -[] A0007089856 /
 []


Overfull \hbox (23.50275pt too wide) in paragraph at lines 139--139
\T1/ppl/m/n/10.95 DIOD -[] S -[] A0007089856 -[] 1 . pdf ? hkey = CECEF36DEECDE
D6468708AAF2E19C0C6$[][]. 
 []


Overfull \hbox (21.60951pt too wide) in paragraph at lines 139--139
[]\T1/ppl/m/it/10.95 Android De-bug Brid-ge (adb)\T1/ppl/m/n/10.95 . Úl-ti-ma c
on-sul-ta: 2025-04-02. \T1/ppl/m/sc/10.95 url\T1/ppl/m/n/10.95 : [][]$https : /
 / developer .
 []

LaTeX Info: Redefining \. on input line 141.
LaTeX Info: Redefining \% on input line 141.
[42] (memorianueva.aux (portada.aux)
LaTeX Info: Redefining \sptext on input line 16.
LaTeX Info: Redefining \. on input line 16.
LaTeX Info: Redefining \% on input line 16.
 (Chapters/Chapter1.aux)
(Chapters/Chapter2.aux) (Chapters/Chapter3.aux) (Chapters/Chapter4.aux)
(Chapters/Chapter5.aux))
 ***********
LaTeX2e <2025-11-01>
L3 programming layer <2026-01-19>
 ***********


LaTeX Warning: There were undefined references.

Package rerunfilecheck Info: File `memorianueva.out' has not changed.
(rerunfilecheck)             Checksum: 248173BA9191A099D78B6373E19E44AD;8588.

Package biblatex Warning: Please (re)run BibTeX on the file(s):
(biblatex)                memorianueva
(biblatex)                and rerun LaTeX afterwards.

Package logreq Info: Writing requests to 'memorianueva.run.xml'.
\openout1 = `memorianueva.run.xml'.

 ) 
Here is how much of TeX's memory you used:
 31470 strings out of 467828
 682508 string characters out of 5427024
 1298351 words of memory out of 5000000
 59829 multiletter control sequences out of 15000+600000
 689574 words of font info for 110 fonts, out of 8000000 for 9000
 1142 hyphenation exceptions out of 8191
 96i,21n,95p,1971b,2960s stack positions out of 10000i,1000n,20000p,200000b,200000s

pdfTeX warning (dest): name{Hfootnote.2} has been referenced but does not exist
, replaced by a fixed one


pdfTeX warning (dest): name{Hfootnote.1} has been referenced but does not exist
, replaced by a fixed one

<C:/Program Files/MiKTeX/fonts/type1/public/urw-base35/uhvb8a.pfb><C:/Program F
iles/MiKTeX/fonts/type1/public/urw-base35/uhvr8a.pfb><C:/Program Files/MiKTeX/f
onts/type1/public/urw-base35/uhvro8a.pfb><C:/Program Files/MiKTeX/fonts/type1/p
ublic/urw-base35/uplb8a.pfb><C:/Program Files/MiKTeX/fonts/type1/public/urw-bas
e35/uplb8a.pfb><C:/Program Files/MiKTeX/fonts/type1/public/urw-base35/uplr8a.pf
b><C:/Program Files/MiKTeX/fonts/type1/public/urw-base35/uplr8a.pfb><C:/Program
 Files/MiKTeX/fonts/type1/public/urw-base35/uplri8a.pfb>
Output written on memorianueva.pdf (56 pages, 9053356 bytes).
PDF statistics:
 852 PDF objects out of 1000 (max. 8388607)
 171 named destinations out of 1000 (max. 500000)
 494 words of extra memory for PDF output out of 10000 (max. 10000000)

